TN:
SF:src\app\server.ts
FN:2,(anonymous_0)
FN:3,adopt
FN:3,(anonymous_2)
FN:4,(anonymous_3)
FN:5,fulfilled
FN:6,rejected
FN:7,step
FN:11,(anonymous_7)
FN:24,(anonymous_8)
FN:28,(anonymous_9)
FN:29,(anonymous_10)
FN:38,(anonymous_11)
FN:44,(anonymous_12)
FN:50,(anonymous_13)
FN:51,(anonymous_14)
FN:53,(anonymous_15)
FN:54,(anonymous_16)
FN:61,(anonymous_17)
FN:64,(anonymous_18)
FN:65,(anonymous_19)
FN:66,(anonymous_20)
FN:68,(anonymous_21)
FNF:22
FNH:14
FNDA:3,(anonymous_0)
FNDA:2,adopt
FNDA:0,(anonymous_2)
FNDA:3,(anonymous_3)
FNDA:0,fulfilled
FNDA:2,rejected
FNDA:3,step
FNDA:5,(anonymous_7)
FNDA:1,(anonymous_8)
FNDA:1,(anonymous_9)
FNDA:1,(anonymous_10)
FNDA:0,(anonymous_11)
FNDA:0,(anonymous_12)
FNDA:1,(anonymous_13)
FNDA:1,(anonymous_14)
FNDA:0,(anonymous_15)
FNDA:0,(anonymous_16)
FNDA:0,(anonymous_17)
FNDA:1,(anonymous_18)
FNDA:1,(anonymous_19)
FNDA:1,(anonymous_20)
FNDA:0,(anonymous_21)
DA:2,1
DA:3,2
DA:4,3
DA:5,0
DA:6,2
DA:7,3
DA:8,3
DA:11,1
DA:12,5
DA:14,1
DA:15,1
DA:16,1
DA:17,1
DA:18,1
DA:19,1
DA:20,1
DA:21,1
DA:22,1
DA:25,1
DA:26,1
DA:29,1
DA:30,1
DA:31,1
DA:32,1
DA:33,1
DA:34,1
DA:35,1
DA:37,1
DA:38,1
DA:39,0
DA:41,1
DA:42,1
DA:43,0
DA:44,0
DA:45,0
DA:46,0
DA:51,1
DA:52,1
DA:53,0
DA:54,0
DA:55,0
DA:56,0
DA:62,0
DA:65,1
DA:66,1
DA:67,1
DA:68,0
DA:69,0
DA:70,0
DA:72,0
DA:76,1
DA:82,1
LF:52
LH:37
BRDA:2,0,0,1
BRDA:2,0,1,1
BRDA:2,0,2,1
BRDA:3,1,0,2
BRDA:3,1,1,0
BRDA:4,2,0,3
BRDA:4,2,1,3
BRDA:7,3,0,1
BRDA:7,3,1,2
BRDA:8,4,0,3
BRDA:8,4,1,3
BRDA:11,5,0,1
BRDA:11,5,1,1
BRDA:11,5,2,1
BRDA:12,6,0,1
BRDA:12,6,1,4
BRDA:12,7,0,5
BRDA:12,7,1,5
BRDA:34,8,0,1
BRDA:34,8,1,0
BRDA:67,9,0,0
BRDA:67,9,1,1
BRDA:69,10,0,0
BRDA:69,10,1,0
BRF:24
BRH:19
end_of_record
TN:
SF:src\app\routes\index.ts
FN:2,(anonymous_0)
FN:6,(anonymous_1)
FN:9,(anonymous_2)
FN:13,(anonymous_3)
FN:15,(anonymous_4)
FN:18,(anonymous_5)
FN:19,(anonymous_6)
FN:20,(anonymous_7)
FN:27,(anonymous_8)
FN:35,(anonymous_9)
FN:36,adopt
FN:36,(anonymous_11)
FN:37,(anonymous_12)
FN:38,fulfilled
FN:39,rejected
FN:40,step
FN:48,registerRoutes
FN:49,(anonymous_17)
FN:51,(anonymous_18)
FN:54,register
FN:55,(anonymous_20)
FN:57,(anonymous_21)
FNF:22
FNH:13
FNDA:0,(anonymous_0)
FNDA:0,(anonymous_1)
FNDA:0,(anonymous_2)
FNDA:0,(anonymous_3)
FNDA:0,(anonymous_4)
FNDA:1,(anonymous_5)
FNDA:0,(anonymous_6)
FNDA:0,(anonymous_7)
FNDA:0,(anonymous_8)
FNDA:2,(anonymous_9)
FNDA:3,adopt
FNDA:0,(anonymous_11)
FNDA:2,(anonymous_12)
FNDA:1,fulfilled
FNDA:2,rejected
FNDA:3,step
FNDA:1,registerRoutes
FNDA:1,(anonymous_17)
FNDA:1,(anonymous_18)
FNDA:1,register
FNDA:1,(anonymous_20)
FNDA:1,(anonymous_21)
DA:2,1
DA:3,0
DA:4,0
DA:5,0
DA:6,0
DA:8,0
DA:10,0
DA:11,0
DA:13,1
DA:14,0
DA:16,0
DA:18,1
DA:19,1
DA:20,0
DA:21,0
DA:22,0
DA:23,0
DA:25,0
DA:27,1
DA:28,0
DA:29,0
DA:30,0
DA:31,0
DA:32,0
DA:35,1
DA:36,3
DA:37,2
DA:38,1
DA:39,2
DA:40,3
DA:41,2
DA:44,1
DA:45,1
DA:46,1
DA:47,1
DA:49,1
DA:50,1
DA:51,1
DA:55,1
DA:56,1
DA:57,1
DA:58,0
LF:42
LH:22
BRDA:2,0,0,1
BRDA:2,0,1,1
BRDA:2,0,2,1
BRDA:2,1,0,1
BRDA:2,1,1,0
BRDA:3,2,0,0
BRDA:3,2,1,0
BRDA:5,3,0,0
BRDA:5,3,1,0
BRDA:5,4,0,0
BRDA:5,4,1,0
BRDA:5,5,0,0
BRDA:5,5,1,0
BRDA:5,6,0,0
BRDA:5,6,1,0
BRDA:10,7,0,0
BRDA:10,7,1,0
BRDA:13,8,0,1
BRDA:13,8,1,1
BRDA:13,8,2,1
BRDA:13,9,0,1
BRDA:13,9,1,0
BRDA:18,10,0,1
BRDA:18,10,1,1
BRDA:18,10,2,1
BRDA:20,11,0,0
BRDA:20,11,1,0
BRDA:22,12,0,0
BRDA:22,12,1,0
BRDA:28,13,0,0
BRDA:28,13,1,0
BRDA:28,14,0,0
BRDA:28,14,1,0
BRDA:30,15,0,0
BRDA:30,15,1,0
BRDA:30,16,0,0
BRDA:30,16,1,0
BRDA:35,17,0,1
BRDA:35,17,1,1
BRDA:35,17,2,1
BRDA:36,18,0,3
BRDA:36,18,1,0
BRDA:37,19,0,2
BRDA:37,19,1,2
BRDA:40,20,0,0
BRDA:40,20,1,3
BRDA:41,21,0,2
BRDA:41,21,1,2
BRF:48
BRH:20
end_of_record
